<?xml version="1.0" encoding="UTF-8"?>
<testsuite xmlns:xsi="http://www.w3.org/2001/XMLSchema-instance" xsi:noNamespaceSchemaLocation="https://maven.apache.org/surefire/maven-surefire-plugin/xsd/surefire-test-report.xsd" name="com.uav.system.service.UavServiceTest" time="0.029" tests="7" errors="0" skipped="0" failures="0">
  <properties>
[...]
</properties>
  <testcase name="createUav_Success" classname="com.uav.system.service.UavServiceTest" time="0.021"/>
  <testcase name="getUavById_Success" classname="com.uav.system.service.UavServiceTest" time="0.001"/>
  <testcase name="createUav_DuplicateSerialNumber" classname="com.uav.system.service.UavServiceTest" time="0.001"/>
  <testcase name="updateUav_Success" classname="com.uav.system.service.UavServiceTest" time="0"/>
  <testcase name="listUavs_Success" classname="com.uav.system.service.UavServiceTest" time="0"/>
  <testcase name="getUavById_NotFound" classname="com.uav.system.service.UavServiceTest" time="0.001"/>
  <testcase name="deleteUav_Success" classname="com.uav.system.service.UavServiceTest" time="0.002"/>
</testsuite>